 Process in group number            0
 A PDF is used, so alpha_s(MZ) is going to be modified
 Old value of alpha_s from param_card:   0.11720000207424164     
 New value of alpha_s from PDF cteq6l1:  0.13000000000000000     
 *****************************************************
 *               MadGraph/MadEvent                   *
 *        --------------------------------           *
 *          http://madgraph.hep.uiuc.edu             *
 *          http://madgraph.phys.ucl.ac.be           *
 *          http://madgraph.roma2.infn.it            *
 *        --------------------------------           *
 *                                                   *
 *          PARAMETER AND COUPLING VALUES            *
 *                                                   *
 *****************************************************

  External Params
  ---------------------------------
  
 RRd3x3 =   0.99089050292968750     
 RRd3x6 =   0.13467040657997131     
 tb =    10.000430107116699     
 MA2 =    1048278.0000000000     
 RmD21x1 =    963545.37500000000     
 RmD23x3 =    933451.81250000000     
 RmE21x1 =    66311.148437500000     
 RmE23x3 =    48897.371093750000     
 RmL21x1 =    142415.20312500000     
 RmL23x3 =    133786.40625000000     
 RMx1 =    211.61869812011719     
 RMx2 =    391.86480712890625     
 RMx3 =    1112.2559814453125     
 mHd2 =    89988.531250000000     
 mHu2 =   -908071.12500000000     
 RmQ21x1 =    1048784.0000000000     
 RmQ23x3 =    715579.31250000000     
 RmU21x1 =    972428.31250000000     
 RmU23x3 =    319484.90625000000     
 UP1x1 =   5.01258894801139832E-002
 UP1x2 =   5.01258904114365578E-003
 UP1x3 =   0.99873030185699463     
 UP2x1 =   0.99377381801605225     
 UP2x2 =   9.93773788213729858E-002
 UP2x3 =  -5.03759011626243591E-002
 US1x1 =   0.10123059898614883     
 US1x2 =   0.99484181404113770     
 US1x3 =  -6.49079680442810059E-003
 US2x1 =   0.99485039710998535     
 US2x2 =  -0.10119429975748062     
 US2x3 =   5.69588784128427505E-003
 US3x1 =  -5.00967586413025856E-003
 US3x2 =   7.03397020697593689E-003
 US3x3 =   0.99996268749237061     
 RNN1x1 =   0.99868452548980713     
 RNN1x2 =  -8.14943853765726089E-003
 RNN1x3 =   4.83530797064304352E-002
 RNN1x4 =  -1.49871697649359703E-002
 RNN1x5 =   4.30388987297192216E-004
 RNN2x1 =   1.38621795922517776E-002
 RNN2x2 =   0.99326872825622559     
 RNN2x3 =  -0.10311900079250336     
 RNN2x4 =   5.08975610136985779E-002
 RNN2x5 =  -1.00117304828017950E-003
 RNN3x1 =  -2.32278890907764435E-002
 RNN3x2 =   3.72952111065387726E-002
 RNN3x3 =   0.70529770851135254     
 RNN3x4 =   0.70753467082977295     
 RNN3x5 =   4.39627980813384056E-003
 RNN4x1 =   4.35606203973293304E-002
 RNN4x2 =  -0.10936109721660614     
 RNN4x3 =  -0.69963097572326660     
 RNN4x4 =   0.70467382669448853     
 RNN4x5 =  -9.69268009066581726E-003
 RNN5x1 =   1.08397296571638435E-004
 RNN5x2 =  -2.26034302613697946E-004
 RNN5x3 =  -1.00066103041172028E-002
 RNN5x4 =   3.77728091552853584E-003
 RNN5x5 =   0.99994277954101563     
 NMl =   0.10000000149011612     
 NMk =   0.10891070216894150     
 NMAl =   -963.90747070312500     
 NMAk =   -1.5892709493637085     
 mueff =    970.86791992187500     
 MS2 =   -2235031.0000000000     
 RRl3x3 =   0.22098030149936676     
 RRl3x6 =   0.97527831792831421     
 aEWM1 =    127.91999816894531     
 aS =   0.11720000207424164     
 Rtd3x3 =   -342.30999755859375     
 Rte3x3 =   -177.12170410156250     
 Rtu3x3 =   -1213.6490478515625     
 RUU1x1 =   0.98923057317733765     
 RUU1x2 =  -0.14636559784412384     
 RRu3x3 =   0.40577569603919983     
 RRu3x6 =   0.91397267580032349     
 RVV1x1 =   0.99738240242004395     
 RVV1x2 =  -7.23075792193412781E-002
 Ryd3x3 =   0.13106429576873779     
 Rye3x3 =   0.10046479851007462     
 Ryu3x3 =   0.84782779216766357     
 MZ =    91.186996459960938     
 MW =    80.938751220703125     
 Mneu1 =    208.14160156250000     
 Mneu2 =    397.85110473632813     
 Mneu3 =   -963.98052978515625     
 Mneu4 =    969.59387207031250     
 Mneu5 =    2094.2739257812500     
 Mch1 =    397.82949829101563     
 Mch2 =    970.13677978515625     
 Mgo =    1151.5429687500000     
 MH01 =    125.00000000000000     
 MH03 =    500.00000000000000     
 MxA01 =    7.0000000000000000     
 MxA02 =    1021.0419921875000     
 MH =    1022.4719848632813     
 Mta =    1.7769999504089355     
 MT =    171.39999389648438     
 MB =    4.2140002250671387     
 Msn1 =    372.12118530273438     
 Msn3 =    360.34060668945313     
 Msl1 =    380.17590332031250     
 Msl3 =    214.73959350585938     
 Msl4 =    261.02441406250000     
 Msl6 =    374.85739135742188     
 Msu1 =    1063.6350097656250     
 Msu3 =    499.22930908203125     
 Msu4 =    1027.2590332031250     
 Msu6 =    935.52740478515625     
 Msd1 =    1066.5190429687500     
 Msd3 =    866.36517333984375     
 Msd4 =    1023.7540283203125     
 Msd6 =    992.13812255859375     
 WZ =    2.4951999187469482     
 WW =    2.0850000381469727     
 Wneu2 =   0.19714230298995972     
 Wneu3 =    16.449050903320313     
 Wneu4 =    23.805309295654297     
 Wneu5 =   0.96593469381332397     
 Wch1 =   0.19688129425048828     
 Wch2 =    18.098579406738281     
 Wgo =    25.646299362182617     
 WH01 =   3.03786303848028183E-002
 WH02 =    4.9565777778625488     
 WH03 =    1.1180830001831055     
 WA01 =   2.49558710493147373E-004
 WA02 =    3.5094790458679199     
 WH =    3.2500109672546387     
 WT =    1.3348250389099121     
 Wsn1 =   0.23610259592533112     
 Wsn3 =   0.43379920721054077     
 Wsl1 =   0.23648050427436829     
 Wsl3 =   4.01673093438148499E-003
 Wsl4 =   0.18058079481124878     
 Wsl6 =   0.51332151889801025     
 Wsu1 =    9.8063030242919922     
 Wsu3 =   0.64822351932525635     
 Wsu4 =    2.1668779850006104     
 Wsu6 =    23.355579376220703     
 Wsd1 =    9.7377538681030273     
 Wsd3 =    22.010129928588867     
 Wsd4 =   0.53977292776107788     
 Wsd6 =    1.2340550422668457     
  Internal Params
  ---------------------------------
  
 Wsu5 =    2.1668779850006104     
 Msl2 =    380.17590332031250     
 Wsd2 =    9.7377538681030273     
 Wsl5 =   0.18058079481124878     
 Msu5 =    1027.2590332031250     
 Msu2 =    1063.6350097656250     
 RmU22x2 =    972428.31250000000     
 Wsu2 =    9.8063030242919922     
 RmE22x2 =    66311.148437500000     
 RmD22x2 =    963545.37500000000     
 MH02 =    125.00000000000000     
 Wsn2 =   0.23610259592533112     
 RUU2x2 =   0.98923057317733765     
 Msl5 =    261.02441406250000     
 RRu6x3 =  -0.91397267580032349     
 Wsd5 =   0.53977292776107788     
 RRl6x6 =   0.22098030149936676     
 RRl6x3 =  -0.97527831792831421     
 RmL22x2 =    142415.20312500000     
 Msd5 =    1023.7540283203125     
 RRd6x6 =   0.99089050292968750     
 RVV2x1 =   7.23075792193412781E-002
 RRu6x6 =   0.40577569603919983     
 RmQ22x2 =    1048784.0000000000     
 Msd2 =    1066.5190429687500     
 RRd6x3 =  -0.13467040657997131     
 RVV2x2 =   0.99738240242004395     
 Msn2 =    372.12118530273438     
 RUU2x1 =   0.14636559784412384     
 Wsl2 =   0.23648050427436829     
 I39x22 =    1.0000000000000000     
 I94x22 =    1.0000000000000000     
 I40x55 =    1.0000000000000000     
 I41x22 =    1.0000000000000000     
 conjg__Ru2x2 =    1.0000000000000000     
 Rl4x4 =    1.0000000000000000     
 I87x11 =    1.0000000000000000     
 I85x11 =    1.0000000000000000     
 I19x22 =    1.0000000000000000     
 conjg__Ru1x1 =    1.0000000000000000     
 I6x55 =    1.0000000000000000     
 I95x22 =    1.0000000000000000     
 I7x22 =    1.0000000000000000     
 I62x11 =    1.0000000000000000     
 conjg__Rn3x3 =    1.0000000000000000     
 I101x44 =    1.0000000000000000     
 I20x44 =    1.0000000000000000     
 I97x22 =    1.0000000000000000     
 I39x11 =    1.0000000000000000     
 I96x22 =    1.0000000000000000     
 I13x44 =    1.0000000000000000     
 I41x11 =    1.0000000000000000     
 conjg__Rd5x5 =    1.0000000000000000     
 conjg__Rl2x2 =    1.0000000000000000     
 I51x11 =    1.0000000000000000     
 I5x11 =    1.0000000000000000     
 conjg__Rd4x4 =    1.0000000000000000     
 I33x22 =    1.0000000000000000     
 I63x44 =    1.0000000000000000     
 I40x44 =    1.0000000000000000     
 I26x44 =    1.0000000000000000     
 Rd1x1 =    1.0000000000000000     
 I100x44 =    1.0000000000000000     
 Rn3x3 =    1.0000000000000000     
 Rl5x5 =    1.0000000000000000     
 I6x44 =    1.0000000000000000     
 I102x44 =    1.0000000000000000     
 Rl1x1 =    1.0000000000000000     
 Ru4x4 =    1.0000000000000000     
 I5x22 =    1.0000000000000000     
 I27x11 =    1.0000000000000000     
 I19x11 =    1.0000000000000000     
 conjg__Ru4x4 =    1.0000000000000000     
 I92x22 =    1.0000000000000000     
 conjg__Rn2x2 =    1.0000000000000000     
 I96x11 =    1.0000000000000000     
 I13x55 =    1.0000000000000000     
 I20x55 =    1.0000000000000000     
 I98x22 =    1.0000000000000000     
 conjg__Rd1x1 =    1.0000000000000000     
 I12x22 =    1.0000000000000000     
 Rd2x2 =    1.0000000000000000     
 I93x22 =    1.0000000000000000     
 atan__tb =    1.4711319326086991     
 beta =    1.4711319326086991     
 cw =   0.88761286546204332     
 mD21x1 =  (  963545.37500000000     ,  0.0000000000000000     )
 mD22x2 =  (  963545.37500000000     ,  0.0000000000000000     )
 mD23x3 =  (  933451.81250000000     ,  0.0000000000000000     )
 mE21x1 =  (  66311.148437500000     ,  0.0000000000000000     )
 mE22x2 =  (  66311.148437500000     ,  0.0000000000000000     )
 mE23x3 =  (  48897.371093750000     ,  0.0000000000000000     )
 mL21x1 =  (  142415.20312500000     ,  0.0000000000000000     )
 mL22x2 =  (  142415.20312500000     ,  0.0000000000000000     )
 mL23x3 =  (  133786.40625000000     ,  0.0000000000000000     )
 mQ21x1 =  (  1048784.0000000000     ,  0.0000000000000000     )
 mQ22x2 =  (  1048784.0000000000     ,  0.0000000000000000     )
 mQ23x3 =  (  715579.31250000000     ,  0.0000000000000000     )
 mU21x1 =  (  972428.31250000000     ,  0.0000000000000000     )
 mU22x2 =  (  972428.31250000000     ,  0.0000000000000000     )
 mU23x3 =  (  319484.90625000000     ,  0.0000000000000000     )
 Mx1 =  (  211.61869812011719     ,  0.0000000000000000     )
 Mx2 =  (  391.86480712890625     ,  0.0000000000000000     )
 Mx3 =  (  1112.2559814453125     ,  0.0000000000000000     )
 NN1x1 =  ( 0.99868452548980713     ,  0.0000000000000000     )
 NN1x2 =  (-8.14943853765726089E-003,  0.0000000000000000     )
 NN1x3 =  ( 4.83530797064304352E-002,  0.0000000000000000     )
 NN1x4 =  (-1.49871697649359703E-002,  0.0000000000000000     )
 NN1x5 =  ( 4.30388987297192216E-004,  0.0000000000000000     )
 NN2x1 =  ( 1.38621795922517776E-002,  0.0000000000000000     )
 NN2x2 =  ( 0.99326872825622559     ,  0.0000000000000000     )
 NN2x3 =  (-0.10311900079250336     ,  0.0000000000000000     )
 NN2x4 =  ( 5.08975610136985779E-002,  0.0000000000000000     )
 NN2x5 =  (-1.00117304828017950E-003,  0.0000000000000000     )
 NN3x1 =  (-2.32278890907764435E-002,  0.0000000000000000     )
 NN3x2 =  ( 3.72952111065387726E-002,  0.0000000000000000     )
 NN3x3 =  ( 0.70529770851135254     ,  0.0000000000000000     )
 NN3x4 =  ( 0.70753467082977295     ,  0.0000000000000000     )
 NN3x5 =  ( 4.39627980813384056E-003,  0.0000000000000000     )
 NN4x1 =  ( 4.35606203973293304E-002,  0.0000000000000000     )
 NN4x2 =  (-0.10936109721660614     ,  0.0000000000000000     )
 NN4x3 =  (-0.69963097572326660     ,  0.0000000000000000     )
 NN4x4 =  ( 0.70467382669448853     ,  0.0000000000000000     )
 NN4x5 =  (-9.69268009066581726E-003,  0.0000000000000000     )
 NN5x1 =  ( 1.08397296571638435E-004,  0.0000000000000000     )
 NN5x2 =  (-2.26034302613697946E-004,  0.0000000000000000     )
 NN5x3 =  (-1.00066103041172028E-002,  0.0000000000000000     )
 NN5x4 =  ( 3.77728091552853584E-003,  0.0000000000000000     )
 NN5x5 =  ( 0.99994277954101563     ,  0.0000000000000000     )
 Rd3x3 =  ( 0.99089050292968750     ,  0.0000000000000000     )
 Rd3x6 =  ( 0.13467040657997131     ,  0.0000000000000000     )
 Rd6x3 =  (-0.13467040657997131     ,  0.0000000000000000     )
 Rd6x6 =  ( 0.99089050292968750     ,  0.0000000000000000     )
 Rl3x3 =  ( 0.22098030149936676     ,  0.0000000000000000     )
 Rl3x6 =  ( 0.97527831792831421     ,  0.0000000000000000     )
 Rl6x3 =  (-0.97527831792831421     ,  0.0000000000000000     )
 Rl6x6 =  ( 0.22098030149936676     ,  0.0000000000000000     )
 Ru3x3 =  ( 0.40577569603919983     ,  0.0000000000000000     )
 Ru3x6 =  ( 0.91397267580032349     ,  0.0000000000000000     )
 Ru6x3 =  (-0.91397267580032349     ,  0.0000000000000000     )
 Ru6x6 =  ( 0.40577569603919983     ,  0.0000000000000000     )
 UU1x1 =  ( 0.98923057317733765     ,  0.0000000000000000     )
 UU1x2 =  (-0.14636559784412384     ,  0.0000000000000000     )
 UU2x1 =  ( 0.14636559784412384     ,  0.0000000000000000     )
 UU2x2 =  ( 0.98923057317733765     ,  0.0000000000000000     )
 sqrt__2 =    1.4142135623730951     
 vs =    13730.145591669605     
 VV1x1 =  ( 0.99738240242004395     ,  0.0000000000000000     )
 VV1x2 =  (-7.23075792193412781E-002,  0.0000000000000000     )
 VV2x1 =  ( 7.23075792193412781E-002,  0.0000000000000000     )
 VV2x2 =  ( 0.99738240242004395     ,  0.0000000000000000     )
 td3x3 =  ( -342.30999755859375     ,  0.0000000000000000     )
 te3x3 =  ( -177.12170410156250     ,  0.0000000000000000     )
 tu3x3 =  ( -1213.6490478515625     ,  0.0000000000000000     )
 yd3x3 =  ( 0.13106429576873779     ,  0.0000000000000000     )
 ye3x3 =  ( 0.10046479851007462     ,  0.0000000000000000     )
 yu3x3 =  ( 0.84782779216766357     ,  0.0000000000000000     )
 cw__exp__2 =   0.78785659893373938     
 sw =   0.46059027461102625     
 cos__beta =   9.94994818482898002E-002
 sin__beta =   0.99503761391814827     
 conjg__yu3x3 =  ( 0.84782779216766357     ,  0.0000000000000000     )
 I1x33 =  ( 0.84782779216766357     ,  0.0000000000000000     )
 conjg__yd3x3 =  ( 0.13106429576873779     ,  0.0000000000000000     )
 I10x33 =  ( 0.12987036595040991     ,  0.0000000000000000     )
 I10x36 =  (-1.76504819992935325E-002,  0.0000000000000000     )
 conjg__Rd3x6 =  ( 0.13467040657997131     ,  0.0000000000000000     )
 I100x33 =  ( 1.81361184084147808E-002,  0.0000000000000000     )
 I100x36 =  ( 0.13344362690577327     ,  0.0000000000000000     )
 conjg__Rd6x6 =  ( 0.99089050292968750     ,  0.0000000000000000     )
 I100x63 =  ( 0.13344362690577327     ,  0.0000000000000000     )
 I100x66 =  ( 0.98186398879624903     ,  0.0000000000000000     )
 conjg__Rl3x6 =  ( 0.97527831792831421     ,  0.0000000000000000     )
 I101x33 =  ( 0.95116779742108193     ,  0.0000000000000000     )
 I101x36 =  ( 0.21551729674159414     ,  0.0000000000000000     )
 conjg__Rl6x6 =  ( 0.22098030149936676     ,  0.0000000000000000     )
 I101x63 =  ( 0.21551729674159414     ,  0.0000000000000000     )
 I101x66 =  ( 4.88322936507510352E-002,  0.0000000000000000     )
 conjg__Ru3x6 =  ( 0.91397267580032349     ,  0.0000000000000000     )
 I102x33 =  ( 0.83534605210960322     ,  0.0000000000000000     )
 I102x36 =  ( 0.37086789868368619     ,  0.0000000000000000     )
 conjg__Ru6x6 =  ( 0.40577569603919983     ,  0.0000000000000000     )
 I102x63 =  ( 0.37086789868368619     ,  0.0000000000000000     )
 I102x66 =  ( 0.16465391549609709     ,  0.0000000000000000     )
 I11x33 =  ( 1.76504819992935325E-002,  0.0000000000000000     )
 I11x36 =  ( 0.12987036595040991     ,  0.0000000000000000     )
 conjg__Rd3x3 =  ( 0.99089050292968750     ,  0.0000000000000000     )
 I12x33 =  ( 0.98186398879624903     ,  0.0000000000000000     )
 I12x36 =  (-0.13344362690577327     ,  0.0000000000000000     )
 conjg__Rd6x3 =  (-0.13467040657997131     ,  0.0000000000000000     )
 I12x63 =  (-0.13344362690577327     ,  0.0000000000000000     )
 I12x66 =  ( 1.81361184084147808E-002,  0.0000000000000000     )
 I13x33 =  ( 1.81361184084147808E-002,  0.0000000000000000     )
 I13x36 =  ( 0.13344362690577327     ,  0.0000000000000000     )
 I13x63 =  ( 0.13344362690577327     ,  0.0000000000000000     )
 I13x66 =  ( 0.98186398879624903     ,  0.0000000000000000     )
 I14x33 =  ( 0.13106429576873779     ,  0.0000000000000000     )
 I15x33 =  ( 0.84782779216766357     ,  0.0000000000000000     )
 conjg__ye3x3 =  ( 0.10046479851007462     ,  0.0000000000000000     )
 I16x33 =  ( 0.10046479851007462     ,  0.0000000000000000     )
 I17x33 =  ( 9.79811397019125785E-002,  0.0000000000000000     )
 I17x36 =  ( 2.22007414648294210E-002,  0.0000000000000000     )
 conjg__Rl3x3 =  ( 0.22098030149936676     ,  0.0000000000000000     )
 I18x33 =  ( 2.22007414648294210E-002,  0.0000000000000000     )
 conjg__Rl6x3 =  (-0.97527831792831421     ,  0.0000000000000000     )
 I18x36 =  (-9.79811397019125785E-002,  0.0000000000000000     )
 I19x33 =  ( 4.88322936507510352E-002,  0.0000000000000000     )
 I19x36 =  (-0.21551729674159414     ,  0.0000000000000000     )
 I19x63 =  (-0.21551729674159414     ,  0.0000000000000000     )
 I19x66 =  ( 0.95116779742108193     ,  0.0000000000000000     )
 I2x33 =  ( 0.13106429576873779     ,  0.0000000000000000     )
 I20x33 =  ( 0.95116779742108193     ,  0.0000000000000000     )
 I20x36 =  ( 0.21551729674159414     ,  0.0000000000000000     )
 I20x63 =  ( 0.21551729674159414     ,  0.0000000000000000     )
 I20x66 =  ( 4.88322936507510352E-002,  0.0000000000000000     )
 I21x33 =  ( 2.22007414648294210E-002,  0.0000000000000000     )
 I21x36 =  (-9.79811397019125785E-002,  0.0000000000000000     )
 I22x33 =  ( 9.79811397019125785E-002,  0.0000000000000000     )
 I22x36 =  ( 2.22007414648294210E-002,  0.0000000000000000     )
 I23x33 =  ( 0.22098030149936676     ,  0.0000000000000000     )
 I23x36 =  (-0.97527831792831421     ,  0.0000000000000000     )
 I24x33 =  ( 9.79811397019125785E-002,  0.0000000000000000     )
 I24x36 =  ( 2.22007414648294210E-002,  0.0000000000000000     )
 I25x33 =  ( 4.88322936507510352E-002,  0.0000000000000000     )
 I25x36 =  (-0.21551729674159414     ,  0.0000000000000000     )
 I25x63 =  (-0.21551729674159414     ,  0.0000000000000000     )
 I25x66 =  ( 0.95116779742108193     ,  0.0000000000000000     )
 I26x33 =  ( 0.95116779742108193     ,  0.0000000000000000     )
 I26x36 =  ( 0.21551729674159414     ,  0.0000000000000000     )
 I26x63 =  ( 0.21551729674159414     ,  0.0000000000000000     )
 I26x66 =  ( 4.88322936507510352E-002,  0.0000000000000000     )
 I27x33 =  ( 0.22098030149936676     ,  0.0000000000000000     )
 I27x36 =  (-0.97527831792831421     ,  0.0000000000000000     )
 I28x33 =  ( -172.74295764476847     ,  0.0000000000000000     )
 I28x36 =  ( -39.140407574444907     ,  0.0000000000000000     )
 I29x33 =  ( 2.23039301803834664E-003,  0.0000000000000000     )
 I29x36 =  (-9.84365545794011962E-003,  0.0000000000000000     )
 I3x33 =  ( 1.76504819992935325E-002,  0.0000000000000000     )
 I3x36 =  ( 0.12987036595040991     ,  0.0000000000000000     )
 I30x33 =  ( 9.79811397019125785E-002,  0.0000000000000000     )
 I30x36 =  ( 2.22007414648294210E-002,  0.0000000000000000     )
 I32x33 =  ( 0.10046479851007462     ,  0.0000000000000000     )
 I33x33 =  ( 0.22098030149936676     ,  0.0000000000000000     )
 I33x36 =  (-0.97527831792831421     ,  0.0000000000000000     )
 I34x33 =  ( 9.79811397019125785E-002,  0.0000000000000000     )
 I34x36 =  ( 2.22007414648294210E-002,  0.0000000000000000     )
 conjg__te3x3 =  ( -177.12170410156250     ,  0.0000000000000000     )
 I35x33 =  ( -172.74295764476847     ,  0.0000000000000000     )
 I35x36 =  ( -39.140407574444907     ,  0.0000000000000000     )
 I36x33 =  ( 2.23039301803834664E-003,  0.0000000000000000     )
 I36x36 =  (-9.84365545794011962E-003,  0.0000000000000000     )
 I37x33 =  ( 0.77489143582536002     ,  0.0000000000000000     )
 I37x36 =  ( 0.34402791248821174     ,  0.0000000000000000     )
 conjg__Ru3x3 =  ( 0.40577569603919983     ,  0.0000000000000000     )
 I38x33 =  ( 0.34402791248821174     ,  0.0000000000000000     )
 conjg__Ru6x3 =  (-0.91397267580032349     ,  0.0000000000000000     )
 I38x36 =  (-0.77489143582536002     ,  0.0000000000000000     )
 I39x33 =  ( 0.16465391549609709     ,  0.0000000000000000     )
 I39x36 =  (-0.37086789868368619     ,  0.0000000000000000     )
 I39x63 =  (-0.37086789868368619     ,  0.0000000000000000     )
 I39x66 =  ( 0.83534605210960322     ,  0.0000000000000000     )
 I4x33 =  ( 0.12987036595040991     ,  0.0000000000000000     )
 I4x36 =  (-1.76504819992935325E-002,  0.0000000000000000     )
 I40x33 =  ( 0.83534605210960322     ,  0.0000000000000000     )
 I40x36 =  ( 0.37086789868368619     ,  0.0000000000000000     )
 I40x63 =  ( 0.37086789868368619     ,  0.0000000000000000     )
 I40x66 =  ( 0.16465391549609709     ,  0.0000000000000000     )
 I41x33 =  ( 0.40207928352492672     ,  0.0000000000000000     )
 I41x36 =  (-0.90564684438777476     ,  0.0000000000000000     )
 I41x63 =  (-5.46459779658698963E-002,  0.0000000000000000     )
 I41x66 =  ( 0.12308507185301387     ,  0.0000000000000000     )
 conjg__tu3x3 =  ( -1213.6490478515625     ,  0.0000000000000000     )
 I42x33 =  ( -1099.1374303809951     ,  0.0000000000000000     )
 I42x36 =  ( -487.98313961086575     ,  0.0000000000000000     )
 I42x63 =  (  149.38208025915145     ,  0.0000000000000000     )
 I42x66 =  (  66.321039127195462     ,  0.0000000000000000     )
 I43x33 =  ( 0.76783256456089866     ,  0.0000000000000000     )
 I43x36 =  ( 0.34089399122729463     ,  0.0000000000000000     )
 I43x63 =  (-0.10435494471793898     ,  0.0000000000000000     )
 I43x66 =  (-4.63303788496462685E-002,  0.0000000000000000     )
 I44x33 =  ( -18.705864584083891     ,  0.0000000000000000     )
 I44x36 =  (  42.133250645504518     ,  0.0000000000000000     )
 I44x63 =  ( -137.63575856177880     ,  0.0000000000000000     )
 I44x66 =  (  310.01196909132733     ,  0.0000000000000000     )
 I45x33 =  ( 7.16213661869070060E-003,  0.0000000000000000     )
 I45x36 =  (-1.61320582620597536E-002,  0.0000000000000000     )
 I45x63 =  ( 5.26982381383931803E-002,  0.0000000000000000     )
 I45x66 =  (-0.11869796587486336     ,  0.0000000000000000     )
 I46x33 =  ( 6.90685746986174128E-003,  0.0000000000000000     )
 I46x36 =  (-1.55570653065706371E-002,  0.0000000000000000     )
 I46x63 =  (-9.38700392128185603E-004,  0.0000000000000000     )
 I46x66 =  ( 2.11433685541710962E-003,  0.0000000000000000     )
 I47x33 =  ( 1.36772073394422367E-002,  0.0000000000000000     )
 I47x36 =  ( 6.07225847662771177E-003,  0.0000000000000000     )
 I47x63 =  ( 0.10063543434247808     ,  0.0000000000000000     )
 I47x66 =  ( 4.46790308919996493E-002,  0.0000000000000000     )
 I48x33 =  ( 0.28901939994546011     ,  0.0000000000000000     )
 I48x36 =  (-0.65098978796610174     ,  0.0000000000000000     )
 I48x63 =  (-3.92801828103870113E-002,  0.0000000000000000     )
 I48x66 =  ( 8.84750223819887882E-002,  0.0000000000000000     )
 I49x33 =  ( 0.34402791248821174     ,  0.0000000000000000     )
 I49x36 =  (-0.77489143582536002     ,  0.0000000000000000     )
 I5x33 =  ( 0.98186398879624903     ,  0.0000000000000000     )
 I5x36 =  (-0.13344362690577327     ,  0.0000000000000000     )
 I5x63 =  (-0.13344362690577327     ,  0.0000000000000000     )
 I5x66 =  ( 1.81361184084147808E-002,  0.0000000000000000     )
 I50x33 =  ( 0.77489143582536002     ,  0.0000000000000000     )
 I50x36 =  ( 0.34402791248821174     ,  0.0000000000000000     )
 I51x33 =  ( 0.40577569603919983     ,  0.0000000000000000     )
 I51x36 =  (-0.91397267580032349     ,  0.0000000000000000     )
 I52x33 =  ( 5.31827058414471310E-002,  0.0000000000000000     )
 I52x36 =  (-0.11978918510563830     ,  0.0000000000000000     )
 I53x33 =  ( 0.77489143582536002     ,  0.0000000000000000     )
 I53x36 =  ( 0.34402791248821174     ,  0.0000000000000000     )
 I54x33 =  ( 0.40207928352492672     ,  0.0000000000000000     )
 I54x36 =  (-0.90564684438777476     ,  0.0000000000000000     )
 I54x63 =  (-5.46459779658698963E-002,  0.0000000000000000     )
 I54x66 =  ( 0.12308507185301387     ,  0.0000000000000000     )
 I55x33 =  ( 7.16213661869070060E-003,  0.0000000000000000     )
 I55x36 =  (-1.61320582620597536E-002,  0.0000000000000000     )
 I55x63 =  ( 5.26982381383931803E-002,  0.0000000000000000     )
 I55x66 =  (-0.11869796587486336     ,  0.0000000000000000     )
 conjg__td3x3 =  ( -342.30999755859375     ,  0.0000000000000000     )
 I56x33 =  ( -18.705864584083891     ,  0.0000000000000000     )
 I56x36 =  (  42.133250645504518     ,  0.0000000000000000     )
 I56x63 =  ( -137.63575856177880     ,  0.0000000000000000     )
 I56x66 =  (  310.01196909132733     ,  0.0000000000000000     )
 I57x33 =  ( -1099.1374303809951     ,  0.0000000000000000     )
 I57x36 =  ( -487.98313961086575     ,  0.0000000000000000     )
 I57x63 =  (  149.38208025915145     ,  0.0000000000000000     )
 I57x66 =  (  66.321039127195462     ,  0.0000000000000000     )
 I58x33 =  ( 6.90685746986174128E-003,  0.0000000000000000     )
 I58x36 =  (-1.55570653065706371E-002,  0.0000000000000000     )
 I58x63 =  (-9.38700392128185603E-004,  0.0000000000000000     )
 I58x66 =  ( 2.11433685541710962E-003,  0.0000000000000000     )
 I59x33 =  ( 0.28901939994546011     ,  0.0000000000000000     )
 I59x36 =  (-0.65098978796610174     ,  0.0000000000000000     )
 I59x63 =  (-3.92801828103870113E-002,  0.0000000000000000     )
 I59x66 =  ( 8.84750223819887882E-002,  0.0000000000000000     )
 I6x33 =  ( 1.81361184084147808E-002,  0.0000000000000000     )
 I6x36 =  ( 0.13344362690577327     ,  0.0000000000000000     )
 I6x63 =  ( 0.13344362690577327     ,  0.0000000000000000     )
 I6x66 =  ( 0.98186398879624903     ,  0.0000000000000000     )
 I60x33 =  ( 0.76783256456089866     ,  0.0000000000000000     )
 I60x36 =  ( 0.34089399122729463     ,  0.0000000000000000     )
 I60x63 =  (-0.10435494471793898     ,  0.0000000000000000     )
 I60x66 =  (-4.63303788496462685E-002,  0.0000000000000000     )
 I61x33 =  ( 1.36772073394422367E-002,  0.0000000000000000     )
 I61x36 =  ( 6.07225847662771177E-003,  0.0000000000000000     )
 I61x63 =  ( 0.10063543434247808     ,  0.0000000000000000     )
 I61x66 =  ( 4.46790308919996493E-002,  0.0000000000000000     )
 I62x33 =  ( 0.16465391549609709     ,  0.0000000000000000     )
 I62x36 =  (-0.37086789868368619     ,  0.0000000000000000     )
 I62x63 =  (-0.37086789868368619     ,  0.0000000000000000     )
 I62x66 =  ( 0.83534605210960322     ,  0.0000000000000000     )
 I63x33 =  ( 0.83534605210960322     ,  0.0000000000000000     )
 I63x36 =  ( 0.37086789868368619     ,  0.0000000000000000     )
 I63x63 =  ( 0.37086789868368619     ,  0.0000000000000000     )
 I63x66 =  ( 0.16465391549609709     ,  0.0000000000000000     )
 I64x33 =  ( -45.679087600325147     ,  0.0000000000000000     )
 I64x36 =  (  6.2081746481068310     ,  0.0000000000000000     )
 I64x63 =  ( -336.10185960771514     ,  0.0000000000000000     )
 I64x66 =  (  45.679087600325147     ,  0.0000000000000000     )
 I65x33 =  ( -45.679087600325147     ,  0.0000000000000000     )
 I65x36 =  ( -336.10185960771514     ,  0.0000000000000000     )
 I65x63 =  (  6.2081746481068310     ,  0.0000000000000000     )
 I65x66 =  (  45.679087600325147     ,  0.0000000000000000     )
 I66x33 =  ( 1.74896949852313653E-002,  0.0000000000000000     )
 I66x36 =  (-2.37699758717732504E-003,  0.0000000000000000     )
 I66x63 =  ( 0.12868731223226423     ,  0.0000000000000000     )
 I66x66 =  (-1.74896949852313653E-002,  0.0000000000000000     )
 I67x33 =  ( 1.74896949852313653E-002,  0.0000000000000000     )
 I67x36 =  ( 0.12868731223226423     ,  0.0000000000000000     )
 I67x63 =  (-2.37699758717732504E-003,  0.0000000000000000     )
 I67x66 =  (-1.74896949852313653E-002,  0.0000000000000000     )
 I68x33 =  ( -38.172790862233278     ,  0.0000000000000000     )
 I68x36 =  (  168.47246116575181     ,  0.0000000000000000     )
 I68x63 =  ( -8.6492590666089342     ,  0.0000000000000000     )
 I68x66 =  (  38.172790862233278     ,  0.0000000000000000     )
 I69x33 =  ( -38.172790862233278     ,  0.0000000000000000     )
 I69x36 =  ( -8.6492590666089342     ,  0.0000000000000000     )
 I69x63 =  (  168.47246116575181     ,  0.0000000000000000     )
 I69x66 =  (  38.172790862233278     ,  0.0000000000000000     )
 I7x33 =  ( 0.99089050292968750     ,  0.0000000000000000     )
 I7x36 =  (-0.13467040657997131     ,  0.0000000000000000     )
 I70x33 =  ( 2.16519017925802144E-002,  0.0000000000000000     )
 I70x36 =  (-9.55588811171804720E-002,  0.0000000000000000     )
 I70x63 =  ( 4.90592654240749881E-003,  0.0000000000000000     )
 I70x66 =  (-2.16519017925802144E-002,  0.0000000000000000     )
 I71x33 =  ( 2.16519017925802144E-002,  0.0000000000000000     )
 I71x36 =  ( 4.90592654240749881E-003,  0.0000000000000000     )
 I71x63 =  (-9.55588811171804720E-002,  0.0000000000000000     )
 I71x66 =  (-2.16519017925802144E-002,  0.0000000000000000     )
 I72x33 =  ( 0.31443211172685043     ,  0.0000000000000000     )
 I72x36 =  (-0.70822959905605898     ,  0.0000000000000000     )
 I72x63 =  ( 0.13959816564681704     ,  0.0000000000000000     )
 I72x66 =  (-0.31443211172685043     ,  0.0000000000000000     )
 I73x33 =  ( -450.10347211616551     ,  0.0000000000000000     )
 I73x36 =  (  1013.8169407693816     ,  0.0000000000000000     )
 I73x63 =  ( -199.83206776686987     ,  0.0000000000000000     )
 I73x66 =  (  450.10347211616551     ,  0.0000000000000000     )
 I74x33 =  ( -450.10347211616551     ,  0.0000000000000000     )
 I74x36 =  ( -199.83206776686987     ,  0.0000000000000000     )
 I74x63 =  (  1013.8169407693816     ,  0.0000000000000000     )
 I74x66 =  (  450.10347211616551     ,  0.0000000000000000     )
 I75x33 =  ( 0.31443211172685043     ,  0.0000000000000000     )
 I75x36 =  ( 0.13959816564681704     ,  0.0000000000000000     )
 I75x63 =  (-0.70822959905605898     ,  0.0000000000000000     )
 I75x66 =  (-0.31443211172685043     ,  0.0000000000000000     )
 I76x33 =  ( 1.68663119520933887E-002,  0.0000000000000000     )
 I76x36 =  (-2.29227455644937352E-003,  0.0000000000000000     )
 I76x63 =  (-2.29227455644937352E-003,  0.0000000000000000     )
 I76x66 =  ( 3.11539514807385035E-004,  0.0000000000000000     )
 I77x33 =  ( 3.11539514807385035E-004,  0.0000000000000000     )
 I77x36 =  ( 2.29227455644937352E-003,  0.0000000000000000     )
 I77x63 =  ( 2.29227455644937352E-003,  0.0000000000000000     )
 I77x66 =  ( 1.68663119520933887E-002,  0.0000000000000000     )
 I78x33 =  ( 4.92872921588196375E-004,  0.0000000000000000     )
 I78x36 =  (-2.17525395095149489E-003,  0.0000000000000000     )
 I78x63 =  (-2.17525395095149489E-003,  0.0000000000000000     )
 I78x66 =  ( 9.60030373728570918E-003,  0.0000000000000000     )
 I79x33 =  ( 9.60030373728570918E-003,  0.0000000000000000     )
 I79x36 =  ( 2.17525395095149489E-003,  0.0000000000000000     )
 I79x63 =  ( 2.17525395095149489E-003,  0.0000000000000000     )
 I79x66 =  ( 4.92872921588196375E-004,  0.0000000000000000     )
 I8x33 =  ( 0.84010450737878273     ,  0.0000000000000000     )
 I8x36 =  (-0.11417731348101867     ,  0.0000000000000000     )
 I80x33 =  ( 0.11835520457099667     ,  0.0000000000000000     )
 I80x36 =  (-0.26658428307199172     ,  0.0000000000000000     )
 I80x63 =  (-0.26658428307199172     ,  0.0000000000000000     )
 I80x66 =  ( 0.60045673731548810     ,  0.0000000000000000     )
 I81x33 =  ( 0.60045673731548810     ,  0.0000000000000000     )
 I81x36 =  ( 0.26658428307199172     ,  0.0000000000000000     )
 I81x63 =  ( 0.26658428307199172     ,  0.0000000000000000     )
 I81x66 =  ( 0.11835520457099667     ,  0.0000000000000000     )
 I82x33 =  ( 0.99089050292968750     ,  0.0000000000000000     )
 I82x36 =  (-0.13467040657997131     ,  0.0000000000000000     )
 I83x33 =  ( 1.76504819992935325E-002,  0.0000000000000000     )
 I83x36 =  ( 0.12987036595040991     ,  0.0000000000000000     )
 I84x33 =  ( 0.84010450737878273     ,  0.0000000000000000     )
 I84x36 =  (-0.11417731348101867     ,  0.0000000000000000     )
 I85x33 =  ( 0.22098030149936676     ,  0.0000000000000000     )
 I85x36 =  (-0.97527831792831421     ,  0.0000000000000000     )
 I86x33 =  ( 9.79811397019125785E-002,  0.0000000000000000     )
 I86x36 =  ( 2.22007414648294210E-002,  0.0000000000000000     )
 I88x33 =  ( 0.10046479851007462     ,  0.0000000000000000     )
 I89x33 =  ( 0.40577569603919983     ,  0.0000000000000000     )
 I89x36 =  (-0.91397267580032349     ,  0.0000000000000000     )
 I9x33 =  ( 1.76504819992935325E-002,  0.0000000000000000     )
 I9x36 =  ( 0.12987036595040991     ,  0.0000000000000000     )
 I90x33 =  ( 0.77489143582536002     ,  0.0000000000000000     )
 I90x36 =  ( 0.34402791248821174     ,  0.0000000000000000     )
 I91x33 =  ( 5.31827058414471310E-002,  0.0000000000000000     )
 I91x36 =  (-0.11978918510563830     ,  0.0000000000000000     )
 I92x33 =  ( 0.40207928352492672     ,  0.0000000000000000     )
 I92x36 =  (-0.90564684438777476     ,  0.0000000000000000     )
 I92x63 =  (-5.46459779658698963E-002,  0.0000000000000000     )
 I92x66 =  ( 0.12308507185301387     ,  0.0000000000000000     )
 I93x33 =  ( 0.22098030149936676     ,  0.0000000000000000     )
 I93x36 =  (-0.97527831792831421     ,  0.0000000000000000     )
 I94x33 =  ( 0.40207928352492672     ,  0.0000000000000000     )
 I94x36 =  (-0.90564684438777476     ,  0.0000000000000000     )
 I94x63 =  (-5.46459779658698963E-002,  0.0000000000000000     )
 I94x66 =  ( 0.12308507185301387     ,  0.0000000000000000     )
 I95x33 =  ( 0.22098030149936676     ,  0.0000000000000000     )
 I95x36 =  (-0.97527831792831421     ,  0.0000000000000000     )
 I96x33 =  ( 0.98186398879624903     ,  0.0000000000000000     )
 I96x36 =  (-0.13344362690577327     ,  0.0000000000000000     )
 I96x63 =  (-0.13344362690577327     ,  0.0000000000000000     )
 I96x66 =  ( 1.81361184084147808E-002,  0.0000000000000000     )
 I97x33 =  ( 4.88322936507510352E-002,  0.0000000000000000     )
 I97x36 =  (-0.21551729674159414     ,  0.0000000000000000     )
 I97x63 =  (-0.21551729674159414     ,  0.0000000000000000     )
 I97x66 =  ( 0.95116779742108193     ,  0.0000000000000000     )
 I98x33 =  ( 0.16465391549609709     ,  0.0000000000000000     )
 I98x36 =  (-0.37086789868368619     ,  0.0000000000000000     )
 I98x63 =  (-0.37086789868368619     ,  0.0000000000000000     )
 I98x66 =  ( 0.83534605210960322     ,  0.0000000000000000     )
 I99x33 =  ( 0.10046479851007462     ,  0.0000000000000000     )
 complexi =  (  0.0000000000000000     ,  1.0000000000000000     )
 sw__exp__2 =   0.21214340106626056     
 UP1x1__exp__2 =   2.51260479617260168E-003
 UP1x2__exp__2 =   2.51260488953934744E-005
 NN1x5__exp__2 =  ( 1.85234680386702683E-007,  0.0000000000000000     )
 NN2x5__exp__2 =  ( 1.00234747260262663E-006,  0.0000000000000000     )
 NN3x5__exp__2 =  ( 1.93272761514053180E-005,  0.0000000000000000     )
 NN4x5__exp__2 =  ( 9.39480473399895155E-005,  0.0000000000000000     )
 NN5x5__exp__2 =  ( 0.99988556235621218     ,  0.0000000000000000     )
 UP2x1__exp__2 =   0.98758640137420173     
 UP2x2__exp__2 =   9.87586342140667206E-003
 US1x1__exp__2 =   1.02476341710944774E-002
 US1x2__exp__2 =   0.98971023496466159     
 US2x1__exp__2 =   0.98972731262989555     
 US2x2__exp__2 =   1.02402863034068425E-002
 US3x1__exp__2 =   2.50968522636492528E-005
 US3x2__exp__2 =   4.94767368726251044E-005
 NMl__exp__2 =   1.00000002980232261E-002
 NMk__exp__2 =   1.18615410469318783E-002
 UP1x3__exp__2 =   0.99746221584736361     
 UP2x3__exp__2 =   2.53773141794649826E-003
 US1x3__exp__3 =  -2.73460145808532400E-007
 US1x3__exp__2 =   4.21304431563740422E-005
 US2x3__exp__2 =   3.24431383004900389E-005
 US2x3__exp__3 =   1.84792476978865404E-007
 US3x3__exp__2 =   0.99992537637696444     
 US3x3__exp__3 =   0.99988806665372953     
 US1x1__exp__3 =   1.03737414533082071E-003
 US1x2__exp__3 =   0.98460512552732460     
 US2x1__exp__3 =   0.98463061000045016     
 US2x2__exp__3 =  -1.03625860178937525E-003
 US3x1__exp__3 =  -1.25727095050846513E-007
 US3x2__exp__3 =   3.48017893100432798E-007
 conjg__NN1x1 =  ( 0.99868452548980713     ,  0.0000000000000000     )
 conjg__NN1x2 =  (-8.14943853765726089E-003,  0.0000000000000000     )
 conjg__NN1x3 =  ( 4.83530797064304352E-002,  0.0000000000000000     )
 conjg__NN1x4 =  (-1.49871697649359703E-002,  0.0000000000000000     )
 conjg__NN1x5 =  ( 4.30388987297192216E-004,  0.0000000000000000     )
 conjg__NN2x1 =  ( 1.38621795922517776E-002,  0.0000000000000000     )
 conjg__NN2x2 =  ( 0.99326872825622559     ,  0.0000000000000000     )
 conjg__NN2x3 =  (-0.10311900079250336     ,  0.0000000000000000     )
 conjg__NN2x4 =  ( 5.08975610136985779E-002,  0.0000000000000000     )
 conjg__NN2x5 =  (-1.00117304828017950E-003,  0.0000000000000000     )
 conjg__NN3x1 =  (-2.32278890907764435E-002,  0.0000000000000000     )
 conjg__NN3x2 =  ( 3.72952111065387726E-002,  0.0000000000000000     )
 conjg__NN3x3 =  ( 0.70529770851135254     ,  0.0000000000000000     )
 conjg__NN3x4 =  ( 0.70753467082977295     ,  0.0000000000000000     )
 conjg__NN3x5 =  ( 4.39627980813384056E-003,  0.0000000000000000     )
 conjg__NN4x1 =  ( 4.35606203973293304E-002,  0.0000000000000000     )
 conjg__NN4x2 =  (-0.10936109721660614     ,  0.0000000000000000     )
 conjg__NN4x3 =  (-0.69963097572326660     ,  0.0000000000000000     )
 conjg__NN4x4 =  ( 0.70467382669448853     ,  0.0000000000000000     )
 conjg__NN4x5 =  (-9.69268009066581726E-003,  0.0000000000000000     )
 conjg__NN5x1 =  ( 1.08397296571638435E-004,  0.0000000000000000     )
 conjg__NN5x2 =  (-2.26034302613697946E-004,  0.0000000000000000     )
 conjg__NN5x3 =  (-1.00066103041172028E-002,  0.0000000000000000     )
 conjg__NN5x4 =  ( 3.77728091552853584E-003,  0.0000000000000000     )
 conjg__NN5x5 =  ( 0.99994277954101563     ,  0.0000000000000000     )
 conjg__UU1x1 =  ( 0.98923057317733765     ,  0.0000000000000000     )
 conjg__UU1x2 =  (-0.14636559784412384     ,  0.0000000000000000     )
 conjg__UU2x1 =  ( 0.14636559784412384     ,  0.0000000000000000     )
 conjg__UU2x2 =  ( 0.98923057317733765     ,  0.0000000000000000     )
 conjg__VV1x1 =  ( 0.99738240242004395     ,  0.0000000000000000     )
 conjg__VV1x2 =  (-7.23075792193412781E-002,  0.0000000000000000     )
 conjg__VV2x1 =  ( 7.23075792193412781E-002,  0.0000000000000000     )
 conjg__VV2x2 =  ( 0.99738240242004395     ,  0.0000000000000000     )
 ee =   0.31342649766070851     
 gp =   0.35311171103581918     
 gw =   0.68048874441693485     
 vev =    237.88417335265143     
 vd =    23.669351988497567     
 vu =    236.70370024171342     
 ee__exp__2 =   9.82361694358581117E-002
  Internal Params evaluated point by point
  ----------------------------------------
  
 sqrt__aS =   0.34234485840193607     
 G__exp__2 =  (  1.4727786620685843     ,  0.0000000000000000     )
  Couplings of nmssm
  ---------------------------------
  
       GC_195 =   0.00000E+00   0.48118E+00
       GC_596 =   0.00000E+00   0.55077E+02
       GC_623 =   0.00000E+00   0.40483E+01
       GC_739 =   0.35609E-02   0.00000E+00
      GC_1196 =  -0.35609E-02  -0.00000E+00

 Collider parameters:
 --------------------

 Running at P P   machine @    8000.0000000000000       GeV
 PDF set = cteq6l1
 alpha_s(Mz)= 0.1300 running at 1 loops.
 alpha_s(Mz)= 0.1300 running at 1 loops.
 Renormalization scale set on event-by-event basis
 Factorization   scale set on event-by-event basis


 getting user params
Enter number of events and max and min iterations: 
 Number of events and iterations         1000           5           3
Enter desired fractional accuracy: 
 Desired fractional accuracy:   0.10000000000000001     
Enter 0 for fixed, 2 for adjustable grid: 
Suppress amplitude (0 no, 1 yes)? 
 Using suppressed amplitude.
Exact helicity sum (0 yes, n = number/event)? 
 Explicitly summing over helicities
Enter Configuration Number: 
Running Configuration Number:    1
 Using dconfig=         233
 BW Setting            2           2           1           2           2           0
 Attempting mappinvarients           1           8
 Completed mapping           8
 about to integrate           16        1000           5           3          16           1
 Using non-zero grid deformation.
 16 dimensions   1000 events 16 invarients  5 iterations  1 config(s),  (0.99)
 Using h-tuple random number sequence.
 Error opening grid
 Using Uniform Grid!
 Using uniform alpha   1.0000000000000000     
 Grid defined OK
 Set CM energy to       8000.00
 Mapping Graph           1  to config           1
Setting grid   1    0.76481E-06   1
Setting grid   2    0.76481E-06   1
 Setting BW          -3           3   125.00000000000000     
Setting grid   4    0.38539E-04   1
Setting grid   5    0.47585E-03   1
 Transforming s_hat 1/s           15  4.75849818857886477E-004
 Masses: 0.000E+00 0.000E+00 0.000E+00 0.000E+00 0.178E+01 0.178E+01 0.178E+01 0.178E+01
   1   1   2   3   4   5   6   7   8   9  10  11  12  13  14
  15  16
Using random seed offsets     1 :      1
  with seed                   24
 Ranmar initialization seeds       31059        9398
  Particle       3       4       5       6       7       8
      Et >     0.0     0.0     0.0     0.0     0.0     0.0
       E >     0.0     0.0     0.0     0.0     0.0     0.0
     Eta <    -1.0    -1.0    -1.0    -1.0    -1.0    -1.0
   xqcut:      0.0     0.0     0.0     0.0     0.0     0.0
d R # 3  >    -0.0     0.0     0.0     0.0     0.0     0.0
d R # 4  >    -0.0    -0.0     0.0     0.0     0.0     0.0
d R # 5  >    -0.0    -0.0    -0.0     0.0     0.0     0.0
d R # 6  >    -0.0    -0.0    -0.0    -0.0     0.0     0.0
d R # 7  >    -0.0    -0.0    -0.0    -0.0    -0.0     0.0
s min # 3>     0.0     0.0     0.0     0.0     0.0     0.0
s min # 4>     0.0     0.0     0.0     0.0     0.0     0.0
s min # 5>     0.0     0.0     0.0     0.0     0.0     0.0
s min # 6>     0.0     0.0     0.0     0.0     0.0     0.0
s min # 7>     0.0     0.0     0.0     0.0     0.0     0.0
xqcutij # 3>     0.0     0.0     0.0     0.0     0.0     0.0
xqcutij # 4>     0.0     0.0     0.0     0.0     0.0     0.0
xqcutij # 5>     0.0     0.0     0.0     0.0     0.0     0.0
xqcutij # 6>     0.0     0.0     0.0     0.0     0.0     0.0
xqcutij # 7>     0.0     0.0     0.0     0.0     0.0     0.0
 Excluding BW           -1           1
 Excluding BW           -2           2
 Requiring BW           -3           3
 Excluding BW           -4           4
 Excluding BW           -5           5
 No points passed cuts!
 Loosen cuts or increase max_events      500000
 Deleting file events.lhe
