 A PDF is used, so alpha_s(MZ) is going to be modified
 Old value of alpha_s from param_card:   0.11720000207424164     
 New value of alpha_s from PDF cteq6l1:  0.13000000000000000     
 Results.dat xsec =   1.22150000000000008E-006  abs xsec =   1.22150000000000008E-006
 Found            1  subprocesses
 SubProcess/Channel     kept   read   xsec 
P0_qq_wph01_wp_lvl_h01_a01a01_a01_tauptaum_a01_tauptaum/G1.202/   18598   18598 0.103E-05
P0_qq_wph01_wp_lvl_h01_a01a01_a01_tauptaum_a01_tauptaum/G1.203/   20130   70316 0.108E-05
P0_qq_wph01_wp_lvl_h01_a01a01_a01_tauptaum_a01_tauptaum/G1.205/   21606   75427 0.112E-05
P0_qq_wph01_wp_lvl_h01_a01a01_a01_tauptaum_a01_tauptaum/G1.206/   21606   75427 0.112E-05
P0_qq_wph01_wp_lvl_h01_a01a01_a01_tauptaum_a01_tauptaum/G1.211/   23127   77188 0.117E-05
P0_qq_wph01_wp_lvl_h01_a01a01_a01_tauptaum_a01_tauptaum/G1.212/   23127   77188 0.117E-05
P0_qq_wph01_wp_lvl_h01_a01a01_a01_tauptaum_a01_tauptaum/G1.214/   23127   77188 0.117E-05
P0_qq_wph01_wp_lvl_h01_a01a01_a01_tauptaum_a01_tauptaum/G1.215/   23127   77188 0.117E-05
P0_qq_wph01_wp_lvl_h01_a01a01_a01_tauptaum_a01_tauptaum/G1.229/   24028   78089 0.121E-05
P0_qq_wph01_wp_lvl_h01_a01a01_a01_tauptaum_a01_tauptaum/G1.230/   24085   79074 0.122E-05
P0_qq_wph01_wp_lvl_h01_a01a01_a01_tauptaum_a01_tauptaum/G1.232/   24147   81346 0.122E-05
P0_qq_wph01_wp_lvl_h01_a01a01_a01_tauptaum_a01_tauptaum/G1.233/   24147   81346 0.122E-05
P0_qq_wph01_wp_lvl_h01_a01a01_a01_tauptaum_a01_tauptaum/G1.238/   24212   81435 0.122E-05
P0_qq_wph01_wp_lvl_h01_a01a01_a01_tauptaum_a01_tauptaum/G1.239/   24212   81435 0.122E-05
P0_qq_wph01_wp_lvl_h01_a01a01_a01_tauptaum_a01_tauptaum/G1.241/   24212   81435 0.122E-05
P0_qq_wph01_wp_lvl_h01_a01a01_a01_tauptaum_a01_tauptaum/G1.242/   24212   81435 0.122E-05
 Found        10320  events writing first        10000
 Unweighting selected        10000  events.
Truncated  0.00% of cross section
