 A PDF is used, so alpha_s(MZ) is going to be modified
 Old value of alpha_s from param_card:   0.11720000207424164     
 New value of alpha_s from PDF cteq6l1:  0.13000000000000000     
 Results.dat xsec =   7.74200000000000037E-007  abs xsec =   7.74200000000000037E-007
 Found            1  subprocesses
 SubProcess/Channel     kept   read   xsec 
P0_qq_wph01_wp_lvl_h01_a01a01_a01_tauptaum_a01_tauptaum/G1.202/   18500   18500 0.654E-06
P0_qq_wph01_wp_lvl_h01_a01a01_a01_tauptaum_a01_tauptaum/G1.203/   20012   20820 0.683E-06
P0_qq_wph01_wp_lvl_h01_a01a01_a01_tauptaum_a01_tauptaum/G1.205/   21512   22439 0.713E-06
P0_qq_wph01_wp_lvl_h01_a01a01_a01_tauptaum_a01_tauptaum/G1.206/   21512   22439 0.713E-06
P0_qq_wph01_wp_lvl_h01_a01a01_a01_tauptaum_a01_tauptaum/G1.211/   22135   23062 0.742E-06
P0_qq_wph01_wp_lvl_h01_a01a01_a01_tauptaum_a01_tauptaum/G1.212/   22135   23062 0.742E-06
P0_qq_wph01_wp_lvl_h01_a01a01_a01_tauptaum_a01_tauptaum/G1.214/   22135   23062 0.742E-06
P0_qq_wph01_wp_lvl_h01_a01a01_a01_tauptaum_a01_tauptaum/G1.215/   22135   23062 0.742E-06
P0_qq_wph01_wp_lvl_h01_a01a01_a01_tauptaum_a01_tauptaum/G1.229/   23036   23963 0.772E-06
P0_qq_wph01_wp_lvl_h01_a01a01_a01_tauptaum_a01_tauptaum/G1.230/   23095   24578 0.773E-06
P0_qq_wph01_wp_lvl_h01_a01a01_a01_tauptaum_a01_tauptaum/G1.232/   23112   24595 0.773E-06
P0_qq_wph01_wp_lvl_h01_a01a01_a01_tauptaum_a01_tauptaum/G1.233/   23112   24595 0.773E-06
P0_qq_wph01_wp_lvl_h01_a01a01_a01_tauptaum_a01_tauptaum/G1.238/   23148   24631 0.774E-06
P0_qq_wph01_wp_lvl_h01_a01a01_a01_tauptaum_a01_tauptaum/G1.239/   23148   24631 0.774E-06
P0_qq_wph01_wp_lvl_h01_a01a01_a01_tauptaum_a01_tauptaum/G1.241/   23148   24631 0.774E-06
P0_qq_wph01_wp_lvl_h01_a01a01_a01_tauptaum_a01_tauptaum/G1.242/   23148   24631 0.774E-06
 Found        10309  events writing first        10000
 Unweighting selected        10000  events.
Truncated  0.00% of cross section
