 A PDF is used, so alpha_s(MZ) is going to be modified
 Old value of alpha_s from param_card:   0.11720000207424164     
 New value of alpha_s from PDF cteq6l1:  0.13000000000000000     
 Results.dat xsec =   5.46449999999999973E-007  abs xsec =   5.46449999999999973E-007
 Found            1  subprocesses
 SubProcess/Channel     kept   read   xsec 
P0_qq_wph01_wp_lvl_h01_a01a01_a01_tauptaum_a01_tauptaum/G1.202/   18410   18410 0.462E-06
P0_qq_wph01_wp_lvl_h01_a01a01_a01_tauptaum_a01_tauptaum/G1.203/   19950   24832 0.483E-06
P0_qq_wph01_wp_lvl_h01_a01a01_a01_tauptaum_a01_tauptaum/G1.205/   20440   25322 0.503E-06
P0_qq_wph01_wp_lvl_h01_a01a01_a01_tauptaum_a01_tauptaum/G1.206/   20440   25322 0.503E-06
P0_qq_wph01_wp_lvl_h01_a01a01_a01_tauptaum_a01_tauptaum/G1.211/   20950   25832 0.524E-06
P0_qq_wph01_wp_lvl_h01_a01a01_a01_tauptaum_a01_tauptaum/G1.212/   20950   25832 0.524E-06
P0_qq_wph01_wp_lvl_h01_a01a01_a01_tauptaum_a01_tauptaum/G1.214/   20950   25832 0.524E-06
P0_qq_wph01_wp_lvl_h01_a01a01_a01_tauptaum_a01_tauptaum/G1.215/   20950   25832 0.524E-06
P0_qq_wph01_wp_lvl_h01_a01a01_a01_tauptaum_a01_tauptaum/G1.229/   21816   26698 0.545E-06
P0_qq_wph01_wp_lvl_h01_a01a01_a01_tauptaum_a01_tauptaum/G1.230/   21827   26709 0.545E-06
P0_qq_wph01_wp_lvl_h01_a01a01_a01_tauptaum_a01_tauptaum/G1.232/   21877   26759 0.546E-06
P0_qq_wph01_wp_lvl_h01_a01a01_a01_tauptaum_a01_tauptaum/G1.233/   21877   26759 0.546E-06
P0_qq_wph01_wp_lvl_h01_a01a01_a01_tauptaum_a01_tauptaum/G1.238/   21921   26803 0.547E-06
P0_qq_wph01_wp_lvl_h01_a01a01_a01_tauptaum_a01_tauptaum/G1.239/   21921   26803 0.547E-06
P0_qq_wph01_wp_lvl_h01_a01a01_a01_tauptaum_a01_tauptaum/G1.241/   21921   26803 0.547E-06
P0_qq_wph01_wp_lvl_h01_a01a01_a01_tauptaum_a01_tauptaum/G1.242/   21921   26803 0.547E-06
 Found        10278  events writing first        10000
 Unweighting selected        10000  events.
Truncated  0.03% of cross section
