 A PDF is used, so alpha_s(MZ) is going to be modified
 Old value of alpha_s from param_card:   0.11720000207424164     
 New value of alpha_s from PDF cteq6l1:  0.13000000000000000     
 Results.dat xsec =   1.97400000000000007E-006  abs xsec =   1.97400000000000007E-006
 Found            1  subprocesses
 SubProcess/Channel     kept   read   xsec 
P0_qq_wph01_wp_lvl_h01_a01a01_a01_tauptaum_a01_tauptaum/G1.202/   18585   18585 0.167E-05
P0_qq_wph01_wp_lvl_h01_a01a01_a01_tauptaum_a01_tauptaum/G1.203/   20088   25983 0.174E-05
P0_qq_wph01_wp_lvl_h01_a01a01_a01_tauptaum_a01_tauptaum/G1.205/   21602   33448 0.182E-05
P0_qq_wph01_wp_lvl_h01_a01a01_a01_tauptaum_a01_tauptaum/G1.206/   21602   33448 0.182E-05
P0_qq_wph01_wp_lvl_h01_a01a01_a01_tauptaum_a01_tauptaum/G1.211/   22157   34003 0.189E-05
P0_qq_wph01_wp_lvl_h01_a01a01_a01_tauptaum_a01_tauptaum/G1.212/   22157   34003 0.189E-05
P0_qq_wph01_wp_lvl_h01_a01a01_a01_tauptaum_a01_tauptaum/G1.214/   22157   34003 0.189E-05
P0_qq_wph01_wp_lvl_h01_a01a01_a01_tauptaum_a01_tauptaum/G1.215/   22157   34003 0.189E-05
P0_qq_wph01_wp_lvl_h01_a01a01_a01_tauptaum_a01_tauptaum/G1.229/   23043   34889 0.197E-05
P0_qq_wph01_wp_lvl_h01_a01a01_a01_tauptaum_a01_tauptaum/G1.230/   23045   34891 0.197E-05
P0_qq_wph01_wp_lvl_h01_a01a01_a01_tauptaum_a01_tauptaum/G1.232/   23114   35509 0.197E-05
P0_qq_wph01_wp_lvl_h01_a01a01_a01_tauptaum_a01_tauptaum/G1.233/   23114   35509 0.197E-05
P0_qq_wph01_wp_lvl_h01_a01a01_a01_tauptaum_a01_tauptaum/G1.238/   23159   35554 0.197E-05
P0_qq_wph01_wp_lvl_h01_a01a01_a01_tauptaum_a01_tauptaum/G1.239/   23159   35554 0.197E-05
P0_qq_wph01_wp_lvl_h01_a01a01_a01_tauptaum_a01_tauptaum/G1.241/   23159   35554 0.197E-05
P0_qq_wph01_wp_lvl_h01_a01a01_a01_tauptaum_a01_tauptaum/G1.242/   23159   35554 0.197E-05
 Found        10348  events writing first        10000
 Unweighting selected        10000  events.
Truncated  0.01% of cross section
